<?xml version="1.0" encoding="UTF-8"?>
<testsuite xmlns:xsi="http://www.w3.org/2001/XMLSchema-instance" xsi:noNamespaceSchemaLocation="https://maven.apache.org/surefire/maven-surefire-plugin/xsd/surefire-test-report-3.0.xsd" version="3.0" name="com.codewithakansha.blog.blogappapis.BlogAppApisApplicationTests" time="9.547" tests="2" errors="0" skipped="0" failures="0">
  <properties>
    <property name="java.specification.version" value="21"/>
    <property name="sun.jnu.encoding" value="UTF-8"/>
    <property name="java.class.path" value="/Users/akanshasaraswat/Documents/blog-app-apis/target/test-classes:/Users/akanshasaraswat/Documents/blog-app-apis/target/classes:/Users/akanshasaraswat/.m2/repository/org/springframework/boot/spring-boot-starter-data-jpa/3.3.1/spring-boot-starter-data-jpa-3.3.1.jar:/Users/akanshasaraswat/.m2/repository/org/springframework/boot/spring-boot-starter-aop/3.3.1/spring-boot-starter-aop-3.3.1.jar:/Users/akanshasaraswat/.m2/repository/org/aspectj/aspectjweaver/1.9.22/aspectjweaver-1.9.22.jar:/Users/akanshasaraswat/.m2/repository/org/springframework/boot/spring-boot-starter-jdbc/3.3.1/spring-boot-starter-jdbc-3.3.1.jar:/Users/akanshasaraswat/.m2/repository/com/zaxxer/HikariCP/5.1.0/HikariCP-5.1.0.jar:/Users/akanshasaraswat/.m2/repository/org/springframework/spring-jdbc/6.1.10/spring-jdbc-6.1.10.jar:/Users/akanshasaraswat/.m2/repository/org/hibernate/orm/hibernate-core/6.5.2.Final/hibernate-core-6.5.2.Final.jar:/Users/akanshasaraswat/.m2/repository/jakarta/persistence/jakarta.persistence-api/3.1.0/jakarta.persistence-api-3.1.0.jar:/Users/akanshasaraswat/.m2/repository/jakarta/transaction/jakarta.transaction-api/2.0.1/jakarta.transaction-api-2.0.1.jar:/Users/akanshasaraswat/.m2/repository/org/jboss/logging/jboss-logging/3.5.3.Final/jboss-logging-3.5.3.Final.jar:/Users/akanshasaraswat/.m2/repository/org/hibernate/common/hibernate-commons-annotations/6.0.6.Final/hibernate-commons-annotations-6.0.6.Final.jar:/Users/akanshasaraswat/.m2/repository/io/smallrye/jandex/3.1.2/jandex-3.1.2.jar:/Users/akanshasaraswat/.m2/repository/com/fasterxml/classmate/1.7.0/classmate-1.7.0.jar:/Users/akanshasaraswat/.m2/repository/net/bytebuddy/byte-buddy/1.14.17/byte-buddy-1.14.17.jar:/Users/akanshasaraswat/.m2/repository/org/glassfish/jaxb/jaxb-runtime/4.0.5/jaxb-runtime-4.0.5.jar:/Users/akanshasaraswat/.m2/repository/org/glassfish/jaxb/jaxb-core/4.0.5/jaxb-core-4.0.5.jar:/Users/akanshasaraswat/.m2/repository/org/eclipse/angus/angus-activation/2.0.2/angus-activation-2.0.2.jar:/Users/akanshasaraswat/.m2/repository/org/glassfish/jaxb/txw2/4.0.5/txw2-4.0.5.jar:/Users/akanshasaraswat/.m2/repository/com/sun/istack/istack-commons-runtime/4.1.2/istack-commons-runtime-4.1.2.jar:/Users/akanshasaraswat/.m2/repository/jakarta/inject/jakarta.inject-api/2.0.1/jakarta.inject-api-2.0.1.jar:/Users/akanshasaraswat/.m2/repository/org/antlr/antlr4-runtime/4.13.0/antlr4-runtime-4.13.0.jar:/Users/akanshasaraswat/.m2/repository/org/springframework/data/spring-data-jpa/3.3.1/spring-data-jpa-3.3.1.jar:/Users/akanshasaraswat/.m2/repository/org/springframework/data/spring-data-commons/3.3.1/spring-data-commons-3.3.1.jar:/Users/akanshasaraswat/.m2/repository/org/springframework/spring-orm/6.1.10/spring-orm-6.1.10.jar:/Users/akanshasaraswat/.m2/repository/org/springframework/spring-context/6.1.10/spring-context-6.1.10.jar:/Users/akanshasaraswat/.m2/repository/org/springframework/spring-tx/6.1.10/spring-tx-6.1.10.jar:/Users/akanshasaraswat/.m2/repository/org/springframework/spring-beans/6.1.10/spring-beans-6.1.10.jar:/Users/akanshasaraswat/.m2/repository/jakarta/annotation/jakarta.annotation-api/2.1.1/jakarta.annotation-api-2.1.1.jar:/Users/akanshasaraswat/.m2/repository/org/slf4j/slf4j-api/2.0.13/slf4j-api-2.0.13.jar:/Users/akanshasaraswat/.m2/repository/org/springframework/spring-aspects/6.1.10/spring-aspects-6.1.10.jar:/Users/akanshasaraswat/.m2/repository/org/springframework/boot/spring-boot-starter-web/3.3.1/spring-boot-starter-web-3.3.1.jar:/Users/akanshasaraswat/.m2/repository/org/springframework/boot/spring-boot-starter/3.3.1/spring-boot-starter-3.3.1.jar:/Users/akanshasaraswat/.m2/repository/org/springframework/boot/spring-boot-starter-logging/3.3.1/spring-boot-starter-logging-3.3.1.jar:/Users/akanshasaraswat/.m2/repository/ch/qos/logback/logback-classic/1.5.6/logback-classic-1.5.6.jar:/Users/akanshasaraswat/.m2/repository/ch/qos/logback/logback-core/1.5.6/logback-core-1.5.6.jar:/Users/akanshasaraswat/.m2/repository/org/apache/logging/log4j/log4j-to-slf4j/2.23.1/log4j-to-slf4j-2.23.1.jar:/Users/akanshasaraswat/.m2/repository/org/apache/logging/log4j/log4j-api/2.23.1/log4j-api-2.23.1.jar:/Users/akanshasaraswat/.m2/repository/org/slf4j/jul-to-slf4j/2.0.13/jul-to-slf4j-2.0.13.jar:/Users/akanshasaraswat/.m2/repository/org/yaml/snakeyaml/2.2/snakeyaml-2.2.jar:/Users/akanshasaraswat/.m2/repository/org/springframework/boot/spring-boot-starter-json/3.3.1/spring-boot-starter-json-3.3.1.jar:/Users/akanshasaraswat/.m2/repository/com/fasterxml/jackson/datatype/jackson-datatype-jdk8/2.17.1/jackson-datatype-jdk8-2.17.1.jar:/Users/akanshasaraswat/.m2/repository/com/fasterxml/jackson/datatype/jackson-datatype-jsr310/2.17.1/jackson-datatype-jsr310-2.17.1.jar:/Users/akanshasaraswat/.m2/repository/com/fasterxml/jackson/module/jackson-module-parameter-names/2.17.1/jackson-module-parameter-names-2.17.1.jar:/Users/akanshasaraswat/.m2/repository/org/springframework/boot/spring-boot-starter-tomcat/3.3.1/spring-boot-starter-tomcat-3.3.1.jar:/Users/akanshasaraswat/.m2/repository/org/apache/tomcat/embed/tomcat-embed-core/10.1.25/tomcat-embed-core-10.1.25.jar:/Users/akanshasaraswat/.m2/repository/org/apache/tomcat/embed/tomcat-embed-websocket/10.1.25/tomcat-embed-websocket-10.1.25.jar:/Users/akanshasaraswat/.m2/repository/org/springframework/spring-web/6.1.10/spring-web-6.1.10.jar:/Users/akanshasaraswat/.m2/repository/io/micrometer/micrometer-observation/1.13.1/micrometer-observation-1.13.1.jar:/Users/akanshasaraswat/.m2/repository/io/micrometer/micrometer-commons/1.13.1/micrometer-commons-1.13.1.jar:/Users/akanshasaraswat/.m2/repository/org/springframework/spring-webmvc/6.1.10/spring-webmvc-6.1.10.jar:/Users/akanshasaraswat/.m2/repository/org/springframework/spring-expression/6.1.10/spring-expression-6.1.10.jar:/Users/akanshasaraswat/.m2/repository/org/springframework/boot/spring-boot-starter-security/3.3.1/spring-boot-starter-security-3.3.1.jar:/Users/akanshasaraswat/.m2/repository/org/springframework/spring-aop/6.1.10/spring-aop-6.1.10.jar:/Users/akanshasaraswat/.m2/repository/org/springframework/security/spring-security-config/6.3.1/spring-security-config-6.3.1.jar:/Users/akanshasaraswat/.m2/repository/org/springframework/security/spring-security-core/6.3.1/spring-security-core-6.3.1.jar:/Users/akanshasaraswat/.m2/repository/org/springframework/security/spring-security-crypto/6.3.1/spring-security-crypto-6.3.1.jar:/Users/akanshasaraswat/.m2/repository/org/springframework/security/spring-security-web/6.3.1/spring-security-web-6.3.1.jar:/Users/akanshasaraswat/.m2/repository/org/springframework/boot/spring-boot-devtools/3.3.1/spring-boot-devtools-3.3.1.jar:/Users/akanshasaraswat/.m2/repository/org/springframework/boot/spring-boot/3.3.1/spring-boot-3.3.1.jar:/Users/akanshasaraswat/.m2/repository/org/springframework/boot/spring-boot-autoconfigure/3.3.1/spring-boot-autoconfigure-3.3.1.jar:/Users/akanshasaraswat/.m2/repository/com/mysql/mysql-connector-j/8.3.0/mysql-connector-j-8.3.0.jar:/Users/akanshasaraswat/.m2/repository/io/jsonwebtoken/jjwt-api/0.11.5/jjwt-api-0.11.5.jar:/Users/akanshasaraswat/.m2/repository/io/jsonwebtoken/jjwt-impl/0.11.5/jjwt-impl-0.11.5.jar:/Users/akanshasaraswat/.m2/repository/io/jsonwebtoken/jjwt-jackson/0.11.5/jjwt-jackson-0.11.5.jar:/Users/akanshasaraswat/.m2/repository/com/fasterxml/jackson/core/jackson-databind/2.17.1/jackson-databind-2.17.1.jar:/Users/akanshasaraswat/.m2/repository/com/fasterxml/jackson/core/jackson-annotations/2.17.1/jackson-annotations-2.17.1.jar:/Users/akanshasaraswat/.m2/repository/com/fasterxml/jackson/core/jackson-core/2.17.1/jackson-core-2.17.1.jar:/Users/akanshasaraswat/.m2/repository/org/springdoc/springdoc-openapi-starter-webmvc-ui/2.6.0/springdoc-openapi-starter-webmvc-ui-2.6.0.jar:/Users/akanshasaraswat/.m2/repository/org/springdoc/springdoc-openapi-starter-webmvc-api/2.6.0/springdoc-openapi-starter-webmvc-api-2.6.0.jar:/Users/akanshasaraswat/.m2/repository/org/springdoc/springdoc-openapi-starter-common/2.6.0/springdoc-openapi-starter-common-2.6.0.jar:/Users/akanshasaraswat/.m2/repository/io/swagger/core/v3/swagger-core-jakarta/2.2.22/swagger-core-jakarta-2.2.22.jar:/Users/akanshasaraswat/.m2/repository/org/apache/commons/commons-lang3/3.14.0/commons-lang3-3.14.0.jar:/Users/akanshasaraswat/.m2/repository/io/swagger/core/v3/swagger-annotations-jakarta/2.2.22/swagger-annotations-jakarta-2.2.22.jar:/Users/akanshasaraswat/.m2/repository/io/swagger/core/v3/swagger-models-jakarta/2.2.22/swagger-models-jakarta-2.2.22.jar:/Users/akanshasaraswat/.m2/repository/com/fasterxml/jackson/dataformat/jackson-dataformat-yaml/2.17.1/jackson-dataformat-yaml-2.17.1.jar:/Users/akanshasaraswat/.m2/repository/org/webjars/swagger-ui/5.17.14/swagger-ui-5.17.14.jar:/Users/akanshasaraswat/.m2/repository/org/projectlombok/lombok/1.18.34/lombok-1.18.34.jar:/Users/akanshasaraswat/.m2/repository/org/springframework/boot/spring-boot-starter-test/3.3.1/spring-boot-starter-test-3.3.1.jar:/Users/akanshasaraswat/.m2/repository/org/springframework/boot/spring-boot-test/3.3.1/spring-boot-test-3.3.1.jar:/Users/akanshasaraswat/.m2/repository/org/springframework/boot/spring-boot-test-autoconfigure/3.3.1/spring-boot-test-autoconfigure-3.3.1.jar:/Users/akanshasaraswat/.m2/repository/com/jayway/jsonpath/json-path/2.9.0/json-path-2.9.0.jar:/Users/akanshasaraswat/.m2/repository/jakarta/xml/bind/jakarta.xml.bind-api/4.0.2/jakarta.xml.bind-api-4.0.2.jar:/Users/akanshasaraswat/.m2/repository/jakarta/activation/jakarta.activation-api/2.1.3/jakarta.activation-api-2.1.3.jar:/Users/akanshasaraswat/.m2/repository/net/minidev/json-smart/2.5.1/json-smart-2.5.1.jar:/Users/akanshasaraswat/.m2/repository/net/minidev/accessors-smart/2.5.1/accessors-smart-2.5.1.jar:/Users/akanshasaraswat/.m2/repository/org/ow2/asm/asm/9.6/asm-9.6.jar:/Users/akanshasaraswat/.m2/repository/org/assertj/assertj-core/3.25.3/assertj-core-3.25.3.jar:/Users/akanshasaraswat/.m2/repository/org/awaitility/awaitility/4.2.1/awaitility-4.2.1.jar:/Users/akanshasaraswat/.m2/repository/org/hamcrest/hamcrest/2.2/hamcrest-2.2.jar:/Users/akanshasaraswat/.m2/repository/org/junit/jupiter/junit-jupiter/5.10.2/junit-jupiter-5.10.2.jar:/Users/akanshasaraswat/.m2/repository/org/junit/jupiter/junit-jupiter-api/5.10.2/junit-jupiter-api-5.10.2.jar:/Users/akanshasaraswat/.m2/repository/org/opentest4j/opentest4j/1.3.0/opentest4j-1.3.0.jar:/Users/akanshasaraswat/.m2/repository/org/junit/platform/junit-platform-commons/1.10.2/junit-platform-commons-1.10.2.jar:/Users/akanshasaraswat/.m2/repository/org/apiguardian/apiguardian-api/1.1.2/apiguardian-api-1.1.2.jar:/Users/akanshasaraswat/.m2/repository/org/junit/jupiter/junit-jupiter-params/5.10.2/junit-jupiter-params-5.10.2.jar:/Users/akanshasaraswat/.m2/repository/org/junit/jupiter/junit-jupiter-engine/5.10.2/junit-jupiter-engine-5.10.2.jar:/Users/akanshasaraswat/.m2/repository/org/junit/platform/junit-platform-engine/1.10.2/junit-platform-engine-1.10.2.jar:/Users/akanshasaraswat/.m2/repository/org/mockito/mockito-core/5.11.0/mockito-core-5.11.0.jar:/Users/akanshasaraswat/.m2/repository/net/bytebuddy/byte-buddy-agent/1.14.17/byte-buddy-agent-1.14.17.jar:/Users/akanshasaraswat/.m2/repository/org/objenesis/objenesis/3.3/objenesis-3.3.jar:/Users/akanshasaraswat/.m2/repository/org/mockito/mockito-junit-jupiter/5.11.0/mockito-junit-jupiter-5.11.0.jar:/Users/akanshasaraswat/.m2/repository/org/skyscreamer/jsonassert/1.5.1/jsonassert-1.5.1.jar:/Users/akanshasaraswat/.m2/repository/com/vaadin/external/google/android-json/0.0.20131108.vaadin1/android-json-0.0.20131108.vaadin1.jar:/Users/akanshasaraswat/.m2/repository/org/springframework/spring-core/6.1.10/spring-core-6.1.10.jar:/Users/akanshasaraswat/.m2/repository/org/springframework/spring-jcl/6.1.10/spring-jcl-6.1.10.jar:/Users/akanshasaraswat/.m2/repository/org/springframework/spring-test/6.1.10/spring-test-6.1.10.jar:/Users/akanshasaraswat/.m2/repository/org/xmlunit/xmlunit-core/2.9.1/xmlunit-core-2.9.1.jar:/Users/akanshasaraswat/.m2/repository/org/springframework/boot/spring-boot-starter-validation/3.3.1/spring-boot-starter-validation-3.3.1.jar:/Users/akanshasaraswat/.m2/repository/org/apache/tomcat/embed/tomcat-embed-el/10.1.25/tomcat-embed-el-10.1.25.jar:/Users/akanshasaraswat/.m2/repository/org/hibernate/validator/hibernate-validator/8.0.1.Final/hibernate-validator-8.0.1.Final.jar:/Users/akanshasaraswat/.m2/repository/jakarta/validation/jakarta.validation-api/3.0.2/jakarta.validation-api-3.0.2.jar:/Users/akanshasaraswat/.m2/repository/org/modelmapper/modelmapper/3.2.0/modelmapper-3.2.0.jar:"/>
    <property name="java.vm.vendor" value="Azul Systems, Inc."/>
    <property name="sun.arch.data.model" value="64"/>
    <property name="java.vendor.url" value="http://www.azul.com/"/>
    <property name="user.timezone" value="Asia/Kolkata"/>
    <property name="org.jboss.logging.provider" value="slf4j"/>
    <property name="os.name" value="Mac OS X"/>
    <property name="java.vm.specification.version" value="21"/>
    <property name="sun.java.launcher" value="SUN_STANDARD"/>
    <property name="user.country" value="IN"/>
    <property name="sun.boot.library.path" value="/Library/Java/JavaVirtualMachines/zulu-21.jdk/Contents/Home/lib"/>
    <property name="sun.java.command" value="/Users/akanshasaraswat/Documents/blog-app-apis/target/surefire/surefirebooter-20240801221618433_3.jar /Users/akanshasaraswat/Documents/blog-app-apis/target/surefire 2024-08-01T22-16-18_362-jvmRun1 surefire-20240801221618433_1tmp surefire_0-20240801221618433_2tmp"/>
    <property name="http.nonProxyHosts" value="local|*.local|169.254/16|*.169.254/16"/>
    <property name="jdk.debug" value="release"/>
    <property name="surefire.test.class.path" value="/Users/akanshasaraswat/Documents/blog-app-apis/target/test-classes:/Users/akanshasaraswat/Documents/blog-app-apis/target/classes:/Users/akanshasaraswat/.m2/repository/org/springframework/boot/spring-boot-starter-data-jpa/3.3.1/spring-boot-starter-data-jpa-3.3.1.jar:/Users/akanshasaraswat/.m2/repository/org/springframework/boot/spring-boot-starter-aop/3.3.1/spring-boot-starter-aop-3.3.1.jar:/Users/akanshasaraswat/.m2/repository/org/aspectj/aspectjweaver/1.9.22/aspectjweaver-1.9.22.jar:/Users/akanshasaraswat/.m2/repository/org/springframework/boot/spring-boot-starter-jdbc/3.3.1/spring-boot-starter-jdbc-3.3.1.jar:/Users/akanshasaraswat/.m2/repository/com/zaxxer/HikariCP/5.1.0/HikariCP-5.1.0.jar:/Users/akanshasaraswat/.m2/repository/org/springframework/spring-jdbc/6.1.10/spring-jdbc-6.1.10.jar:/Users/akanshasaraswat/.m2/repository/org/hibernate/orm/hibernate-core/6.5.2.Final/hibernate-core-6.5.2.Final.jar:/Users/akanshasaraswat/.m2/repository/jakarta/persistence/jakarta.persistence-api/3.1.0/jakarta.persistence-api-3.1.0.jar:/Users/akanshasaraswat/.m2/repository/jakarta/transaction/jakarta.transaction-api/2.0.1/jakarta.transaction-api-2.0.1.jar:/Users/akanshasaraswat/.m2/repository/org/jboss/logging/jboss-logging/3.5.3.Final/jboss-logging-3.5.3.Final.jar:/Users/akanshasaraswat/.m2/repository/org/hibernate/common/hibernate-commons-annotations/6.0.6.Final/hibernate-commons-annotations-6.0.6.Final.jar:/Users/akanshasaraswat/.m2/repository/io/smallrye/jandex/3.1.2/jandex-3.1.2.jar:/Users/akanshasaraswat/.m2/repository/com/fasterxml/classmate/1.7.0/classmate-1.7.0.jar:/Users/akanshasaraswat/.m2/repository/net/bytebuddy/byte-buddy/1.14.17/byte-buddy-1.14.17.jar:/Users/akanshasaraswat/.m2/repository/org/glassfish/jaxb/jaxb-runtime/4.0.5/jaxb-runtime-4.0.5.jar:/Users/akanshasaraswat/.m2/repository/org/glassfish/jaxb/jaxb-core/4.0.5/jaxb-core-4.0.5.jar:/Users/akanshasaraswat/.m2/repository/org/eclipse/angus/angus-activation/2.0.2/angus-activation-2.0.2.jar:/Users/akanshasaraswat/.m2/repository/org/glassfish/jaxb/txw2/4.0.5/txw2-4.0.5.jar:/Users/akanshasaraswat/.m2/repository/com/sun/istack/istack-commons-runtime/4.1.2/istack-commons-runtime-4.1.2.jar:/Users/akanshasaraswat/.m2/repository/jakarta/inject/jakarta.inject-api/2.0.1/jakarta.inject-api-2.0.1.jar:/Users/akanshasaraswat/.m2/repository/org/antlr/antlr4-runtime/4.13.0/antlr4-runtime-4.13.0.jar:/Users/akanshasaraswat/.m2/repository/org/springframework/data/spring-data-jpa/3.3.1/spring-data-jpa-3.3.1.jar:/Users/akanshasaraswat/.m2/repository/org/springframework/data/spring-data-commons/3.3.1/spring-data-commons-3.3.1.jar:/Users/akanshasaraswat/.m2/repository/org/springframework/spring-orm/6.1.10/spring-orm-6.1.10.jar:/Users/akanshasaraswat/.m2/repository/org/springframework/spring-context/6.1.10/spring-context-6.1.10.jar:/Users/akanshasaraswat/.m2/repository/org/springframework/spring-tx/6.1.10/spring-tx-6.1.10.jar:/Users/akanshasaraswat/.m2/repository/org/springframework/spring-beans/6.1.10/spring-beans-6.1.10.jar:/Users/akanshasaraswat/.m2/repository/jakarta/annotation/jakarta.annotation-api/2.1.1/jakarta.annotation-api-2.1.1.jar:/Users/akanshasaraswat/.m2/repository/org/slf4j/slf4j-api/2.0.13/slf4j-api-2.0.13.jar:/Users/akanshasaraswat/.m2/repository/org/springframework/spring-aspects/6.1.10/spring-aspects-6.1.10.jar:/Users/akanshasaraswat/.m2/repository/org/springframework/boot/spring-boot-starter-web/3.3.1/spring-boot-starter-web-3.3.1.jar:/Users/akanshasaraswat/.m2/repository/org/springframework/boot/spring-boot-starter/3.3.1/spring-boot-starter-3.3.1.jar:/Users/akanshasaraswat/.m2/repository/org/springframework/boot/spring-boot-starter-logging/3.3.1/spring-boot-starter-logging-3.3.1.jar:/Users/akanshasaraswat/.m2/repository/ch/qos/logback/logback-classic/1.5.6/logback-classic-1.5.6.jar:/Users/akanshasaraswat/.m2/repository/ch/qos/logback/logback-core/1.5.6/logback-core-1.5.6.jar:/Users/akanshasaraswat/.m2/repository/org/apache/logging/log4j/log4j-to-slf4j/2.23.1/log4j-to-slf4j-2.23.1.jar:/Users/akanshasaraswat/.m2/repository/org/apache/logging/log4j/log4j-api/2.23.1/log4j-api-2.23.1.jar:/Users/akanshasaraswat/.m2/repository/org/slf4j/jul-to-slf4j/2.0.13/jul-to-slf4j-2.0.13.jar:/Users/akanshasaraswat/.m2/repository/org/yaml/snakeyaml/2.2/snakeyaml-2.2.jar:/Users/akanshasaraswat/.m2/repository/org/springframework/boot/spring-boot-starter-json/3.3.1/spring-boot-starter-json-3.3.1.jar:/Users/akanshasaraswat/.m2/repository/com/fasterxml/jackson/datatype/jackson-datatype-jdk8/2.17.1/jackson-datatype-jdk8-2.17.1.jar:/Users/akanshasaraswat/.m2/repository/com/fasterxml/jackson/datatype/jackson-datatype-jsr310/2.17.1/jackson-datatype-jsr310-2.17.1.jar:/Users/akanshasaraswat/.m2/repository/com/fasterxml/jackson/module/jackson-module-parameter-names/2.17.1/jackson-module-parameter-names-2.17.1.jar:/Users/akanshasaraswat/.m2/repository/org/springframework/boot/spring-boot-starter-tomcat/3.3.1/spring-boot-starter-tomcat-3.3.1.jar:/Users/akanshasaraswat/.m2/repository/org/apache/tomcat/embed/tomcat-embed-core/10.1.25/tomcat-embed-core-10.1.25.jar:/Users/akanshasaraswat/.m2/repository/org/apache/tomcat/embed/tomcat-embed-websocket/10.1.25/tomcat-embed-websocket-10.1.25.jar:/Users/akanshasaraswat/.m2/repository/org/springframework/spring-web/6.1.10/spring-web-6.1.10.jar:/Users/akanshasaraswat/.m2/repository/io/micrometer/micrometer-observation/1.13.1/micrometer-observation-1.13.1.jar:/Users/akanshasaraswat/.m2/repository/io/micrometer/micrometer-commons/1.13.1/micrometer-commons-1.13.1.jar:/Users/akanshasaraswat/.m2/repository/org/springframework/spring-webmvc/6.1.10/spring-webmvc-6.1.10.jar:/Users/akanshasaraswat/.m2/repository/org/springframework/spring-expression/6.1.10/spring-expression-6.1.10.jar:/Users/akanshasaraswat/.m2/repository/org/springframework/boot/spring-boot-starter-security/3.3.1/spring-boot-starter-security-3.3.1.jar:/Users/akanshasaraswat/.m2/repository/org/springframework/spring-aop/6.1.10/spring-aop-6.1.10.jar:/Users/akanshasaraswat/.m2/repository/org/springframework/security/spring-security-config/6.3.1/spring-security-config-6.3.1.jar:/Users/akanshasaraswat/.m2/repository/org/springframework/security/spring-security-core/6.3.1/spring-security-core-6.3.1.jar:/Users/akanshasaraswat/.m2/repository/org/springframework/security/spring-security-crypto/6.3.1/spring-security-crypto-6.3.1.jar:/Users/akanshasaraswat/.m2/repository/org/springframework/security/spring-security-web/6.3.1/spring-security-web-6.3.1.jar:/Users/akanshasaraswat/.m2/repository/org/springframework/boot/spring-boot-devtools/3.3.1/spring-boot-devtools-3.3.1.jar:/Users/akanshasaraswat/.m2/repository/org/springframework/boot/spring-boot/3.3.1/spring-boot-3.3.1.jar:/Users/akanshasaraswat/.m2/repository/org/springframework/boot/spring-boot-autoconfigure/3.3.1/spring-boot-autoconfigure-3.3.1.jar:/Users/akanshasaraswat/.m2/repository/com/mysql/mysql-connector-j/8.3.0/mysql-connector-j-8.3.0.jar:/Users/akanshasaraswat/.m2/repository/io/jsonwebtoken/jjwt-api/0.11.5/jjwt-api-0.11.5.jar:/Users/akanshasaraswat/.m2/repository/io/jsonwebtoken/jjwt-impl/0.11.5/jjwt-impl-0.11.5.jar:/Users/akanshasaraswat/.m2/repository/io/jsonwebtoken/jjwt-jackson/0.11.5/jjwt-jackson-0.11.5.jar:/Users/akanshasaraswat/.m2/repository/com/fasterxml/jackson/core/jackson-databind/2.17.1/jackson-databind-2.17.1.jar:/Users/akanshasaraswat/.m2/repository/com/fasterxml/jackson/core/jackson-annotations/2.17.1/jackson-annotations-2.17.1.jar:/Users/akanshasaraswat/.m2/repository/com/fasterxml/jackson/core/jackson-core/2.17.1/jackson-core-2.17.1.jar:/Users/akanshasaraswat/.m2/repository/org/springdoc/springdoc-openapi-starter-webmvc-ui/2.6.0/springdoc-openapi-starter-webmvc-ui-2.6.0.jar:/Users/akanshasaraswat/.m2/repository/org/springdoc/springdoc-openapi-starter-webmvc-api/2.6.0/springdoc-openapi-starter-webmvc-api-2.6.0.jar:/Users/akanshasaraswat/.m2/repository/org/springdoc/springdoc-openapi-starter-common/2.6.0/springdoc-openapi-starter-common-2.6.0.jar:/Users/akanshasaraswat/.m2/repository/io/swagger/core/v3/swagger-core-jakarta/2.2.22/swagger-core-jakarta-2.2.22.jar:/Users/akanshasaraswat/.m2/repository/org/apache/commons/commons-lang3/3.14.0/commons-lang3-3.14.0.jar:/Users/akanshasaraswat/.m2/repository/io/swagger/core/v3/swagger-annotations-jakarta/2.2.22/swagger-annotations-jakarta-2.2.22.jar:/Users/akanshasaraswat/.m2/repository/io/swagger/core/v3/swagger-models-jakarta/2.2.22/swagger-models-jakarta-2.2.22.jar:/Users/akanshasaraswat/.m2/repository/com/fasterxml/jackson/dataformat/jackson-dataformat-yaml/2.17.1/jackson-dataformat-yaml-2.17.1.jar:/Users/akanshasaraswat/.m2/repository/org/webjars/swagger-ui/5.17.14/swagger-ui-5.17.14.jar:/Users/akanshasaraswat/.m2/repository/org/projectlombok/lombok/1.18.34/lombok-1.18.34.jar:/Users/akanshasaraswat/.m2/repository/org/springframework/boot/spring-boot-starter-test/3.3.1/spring-boot-starter-test-3.3.1.jar:/Users/akanshasaraswat/.m2/repository/org/springframework/boot/spring-boot-test/3.3.1/spring-boot-test-3.3.1.jar:/Users/akanshasaraswat/.m2/repository/org/springframework/boot/spring-boot-test-autoconfigure/3.3.1/spring-boot-test-autoconfigure-3.3.1.jar:/Users/akanshasaraswat/.m2/repository/com/jayway/jsonpath/json-path/2.9.0/json-path-2.9.0.jar:/Users/akanshasaraswat/.m2/repository/jakarta/xml/bind/jakarta.xml.bind-api/4.0.2/jakarta.xml.bind-api-4.0.2.jar:/Users/akanshasaraswat/.m2/repository/jakarta/activation/jakarta.activation-api/2.1.3/jakarta.activation-api-2.1.3.jar:/Users/akanshasaraswat/.m2/repository/net/minidev/json-smart/2.5.1/json-smart-2.5.1.jar:/Users/akanshasaraswat/.m2/repository/net/minidev/accessors-smart/2.5.1/accessors-smart-2.5.1.jar:/Users/akanshasaraswat/.m2/repository/org/ow2/asm/asm/9.6/asm-9.6.jar:/Users/akanshasaraswat/.m2/repository/org/assertj/assertj-core/3.25.3/assertj-core-3.25.3.jar:/Users/akanshasaraswat/.m2/repository/org/awaitility/awaitility/4.2.1/awaitility-4.2.1.jar:/Users/akanshasaraswat/.m2/repository/org/hamcrest/hamcrest/2.2/hamcrest-2.2.jar:/Users/akanshasaraswat/.m2/repository/org/junit/jupiter/junit-jupiter/5.10.2/junit-jupiter-5.10.2.jar:/Users/akanshasaraswat/.m2/repository/org/junit/jupiter/junit-jupiter-api/5.10.2/junit-jupiter-api-5.10.2.jar:/Users/akanshasaraswat/.m2/repository/org/opentest4j/opentest4j/1.3.0/opentest4j-1.3.0.jar:/Users/akanshasaraswat/.m2/repository/org/junit/platform/junit-platform-commons/1.10.2/junit-platform-commons-1.10.2.jar:/Users/akanshasaraswat/.m2/repository/org/apiguardian/apiguardian-api/1.1.2/apiguardian-api-1.1.2.jar:/Users/akanshasaraswat/.m2/repository/org/junit/jupiter/junit-jupiter-params/5.10.2/junit-jupiter-params-5.10.2.jar:/Users/akanshasaraswat/.m2/repository/org/junit/jupiter/junit-jupiter-engine/5.10.2/junit-jupiter-engine-5.10.2.jar:/Users/akanshasaraswat/.m2/repository/org/junit/platform/junit-platform-engine/1.10.2/junit-platform-engine-1.10.2.jar:/Users/akanshasaraswat/.m2/repository/org/mockito/mockito-core/5.11.0/mockito-core-5.11.0.jar:/Users/akanshasaraswat/.m2/repository/net/bytebuddy/byte-buddy-agent/1.14.17/byte-buddy-agent-1.14.17.jar:/Users/akanshasaraswat/.m2/repository/org/objenesis/objenesis/3.3/objenesis-3.3.jar:/Users/akanshasaraswat/.m2/repository/org/mockito/mockito-junit-jupiter/5.11.0/mockito-junit-jupiter-5.11.0.jar:/Users/akanshasaraswat/.m2/repository/org/skyscreamer/jsonassert/1.5.1/jsonassert-1.5.1.jar:/Users/akanshasaraswat/.m2/repository/com/vaadin/external/google/android-json/0.0.20131108.vaadin1/android-json-0.0.20131108.vaadin1.jar:/Users/akanshasaraswat/.m2/repository/org/springframework/spring-core/6.1.10/spring-core-6.1.10.jar:/Users/akanshasaraswat/.m2/repository/org/springframework/spring-jcl/6.1.10/spring-jcl-6.1.10.jar:/Users/akanshasaraswat/.m2/repository/org/springframework/spring-test/6.1.10/spring-test-6.1.10.jar:/Users/akanshasaraswat/.m2/repository/org/xmlunit/xmlunit-core/2.9.1/xmlunit-core-2.9.1.jar:/Users/akanshasaraswat/.m2/repository/org/springframework/boot/spring-boot-starter-validation/3.3.1/spring-boot-starter-validation-3.3.1.jar:/Users/akanshasaraswat/.m2/repository/org/apache/tomcat/embed/tomcat-embed-el/10.1.25/tomcat-embed-el-10.1.25.jar:/Users/akanshasaraswat/.m2/repository/org/hibernate/validator/hibernate-validator/8.0.1.Final/hibernate-validator-8.0.1.Final.jar:/Users/akanshasaraswat/.m2/repository/jakarta/validation/jakarta.validation-api/3.0.2/jakarta.validation-api-3.0.2.jar:/Users/akanshasaraswat/.m2/repository/org/modelmapper/modelmapper/3.2.0/modelmapper-3.2.0.jar:"/>
    <property name="sun.cpu.endian" value="little"/>
    <property name="user.home" value="/Users/akanshasaraswat"/>
    <property name="user.language" value="en"/>
    <property name="java.specification.vendor" value="Oracle Corporation"/>
    <property name="java.version.date" value="2023-10-17"/>
    <property name="java.home" value="/Library/Java/JavaVirtualMachines/zulu-21.jdk/Contents/Home"/>
    <property name="file.separator" value="/"/>
    <property name="basedir" value="/Users/akanshasaraswat/Documents/blog-app-apis"/>
    <property name="java.vm.compressedOopsMode" value="Zero based"/>
    <property name="line.separator" value="&#10;"/>
    <property name="java.vm.specification.vendor" value="Oracle Corporation"/>
    <property name="java.specification.name" value="Java Platform API Specification"/>
    <property name="FILE_LOG_CHARSET" value="UTF-8"/>
    <property name="java.awt.headless" value="true"/>
    <property name="apple.awt.application.name" value="ForkedBooter"/>
    <property name="surefire.real.class.path" value="/Users/akanshasaraswat/Documents/blog-app-apis/target/surefire/surefirebooter-20240801221618433_3.jar"/>
    <property name="sun.management.compiler" value="HotSpot 64-Bit Tiered Compilers"/>
    <property name="ftp.nonProxyHosts" value="local|*.local|169.254/16|*.169.254/16"/>
    <property name="java.runtime.version" value="21.0.1+12-LTS"/>
    <property name="user.name" value="akanshasaraswat"/>
    <property name="stdout.encoding" value="US-ASCII"/>
    <property name="path.separator" value=":"/>
    <property name="os.version" value="14.5"/>
    <property name="java.runtime.name" value="OpenJDK Runtime Environment"/>
    <property name="file.encoding" value="UTF-8"/>
    <property name="java.vm.name" value="OpenJDK 64-Bit Server VM"/>
    <property name="java.vendor.version" value="Zulu21.30+15-CA"/>
    <property name="localRepository" value="/Users/akanshasaraswat/.m2/repository"/>
    <property name="java.vendor.url.bug" value="http://www.azul.com/support/"/>
    <property name="java.io.tmpdir" value="/var/folders/41/f_w_r3fd7318pbgpwgz8ft300000gn/T/"/>
    <property name="idea.version" value="2024.1.4"/>
    <property name="com.zaxxer.hikari.pool_number" value="1"/>
    <property name="java.version" value="21.0.1"/>
    <property name="user.dir" value="/Users/akanshasaraswat/Documents/blog-app-apis"/>
    <property name="os.arch" value="aarch64"/>
    <property name="java.vm.specification.name" value="Java Virtual Machine Specification"/>
    <property name="PID" value="41201"/>
    <property name="CONSOLE_LOG_CHARSET" value="UTF-8"/>
    <property name="native.encoding" value="US-ASCII"/>
    <property name="java.library.path" value="/Users/akanshasaraswat/Library/Java/Extensions:/Library/Java/Extensions:/Network/Library/Java/Extensions:/System/Library/Java/Extensions:/usr/lib/java:."/>
    <property name="java.vm.info" value="mixed mode, sharing"/>
    <property name="stderr.encoding" value="US-ASCII"/>
    <property name="java.vendor" value="Azul Systems, Inc."/>
    <property name="java.vm.version" value="21.0.1+12-LTS"/>
    <property name="sun.io.unicode.encoding" value="UnicodeBig"/>
    <property name="socksNonProxyHosts" value="local|*.local|169.254/16|*.169.254/16"/>
    <property name="java.class.version" value="65.0"/>
    <property name="LOGGED_APPLICATION_NAME" value="[blog-app-apis] "/>
  </properties>
  <testcase name="repoTest" classname="com.codewithakansha.blog.blogappapis.BlogAppApisApplicationTests" time="0.324">
    <system-out><![CDATA[22:16:18.951 [main] INFO org.springframework.test.context.support.AnnotationConfigContextLoaderUtils -- Could not detect default configuration classes for test class [com.codewithakansha.blog.blogappapis.BlogAppApisApplicationTests]: BlogAppApisApplicationTests does not declare any static, non-private, non-final, nested classes annotated with @Configuration.
22:16:19.019 [main] INFO org.springframework.boot.test.context.SpringBootTestContextBootstrapper -- Found @SpringBootConfiguration com.codewithakansha.blog.blogappapis.BlogAppApisApplication for test class com.codewithakansha.blog.blogappapis.BlogAppApisApplicationTests
22:16:19.133 [main] INFO org.springframework.boot.devtools.restart.RestartApplicationListener -- Restart disabled due to context in which it is running

  .   ____          _            __ _ _
 /\\ / ___'_ __ _ _(_)_ __  __ _ \ \ \ \
( ( )\___ | '_ | '_| | '_ \/ _` | \ \ \ \
 \\/  ___)| |_)| | | | | || (_| |  ) ) ) )
  '  |____| .__|_| |_|_| |_\__, | / / / /
 =========|_|==============|___/=/_/_/_/

 :: Spring Boot ::                (v3.3.1)

2024-08-01T22:16:19.286+05:30  INFO 41201 --- [blog-app-apis] [           main] c.c.b.b.BlogAppApisApplicationTests      : Starting BlogAppApisApplicationTests using Java 21.0.1 with PID 41201 (started by akanshasaraswat in /Users/akanshasaraswat/Documents/blog-app-apis)
2024-08-01T22:16:19.287+05:30  INFO 41201 --- [blog-app-apis] [           main] c.c.b.b.BlogAppApisApplicationTests      : The following 1 profile is active: "prod"
2024-08-01T22:16:19.811+05:30  INFO 41201 --- [blog-app-apis] [           main] .s.d.r.c.RepositoryConfigurationDelegate : Bootstrapping Spring Data JPA repositories in DEFAULT mode.
2024-08-01T22:16:19.843+05:30  INFO 41201 --- [blog-app-apis] [           main] .s.d.r.c.RepositoryConfigurationDelegate : Finished Spring Data repository scanning in 29 ms. Found 5 JPA repository interfaces.
2024-08-01T22:16:20.132+05:30  INFO 41201 --- [blog-app-apis] [           main] o.hibernate.jpa.internal.util.LogHelper  : HHH000204: Processing PersistenceUnitInfo [name: default]
2024-08-01T22:16:20.162+05:30  INFO 41201 --- [blog-app-apis] [           main] org.hibernate.Version                    : HHH000412: Hibernate ORM core version 6.5.2.Final
2024-08-01T22:16:20.183+05:30  INFO 41201 --- [blog-app-apis] [           main] o.h.c.internal.RegionFactoryInitiator    : HHH000026: Second-level cache disabled
2024-08-01T22:16:20.331+05:30  INFO 41201 --- [blog-app-apis] [           main] o.s.o.j.p.SpringPersistenceUnitInfo      : No LoadTimeWeaver setup: ignoring JPA class transformer
2024-08-01T22:16:20.344+05:30  INFO 41201 --- [blog-app-apis] [           main] com.zaxxer.hikari.HikariDataSource       : HikariPool-1 - Starting...
2024-08-01T22:16:22.298+05:30  INFO 41201 --- [blog-app-apis] [           main] com.zaxxer.hikari.pool.HikariPool        : HikariPool-1 - Added connection com.mysql.cj.jdbc.ConnectionImpl@1a819901
2024-08-01T22:16:22.300+05:30  INFO 41201 --- [blog-app-apis] [           main] com.zaxxer.hikari.HikariDataSource       : HikariPool-1 - Start completed.
2024-08-01T22:16:22.633+05:30  WARN 41201 --- [blog-app-apis] [           main] org.hibernate.orm.deprecation            : HHH90000025: MySQLDialect does not need to be specified explicitly using 'hibernate.dialect' (remove the property setting and it will be selected by default)
2024-08-01T22:16:23.238+05:30  INFO 41201 --- [blog-app-apis] [           main] o.h.e.t.j.p.i.JtaPlatformInitiator       : HHH000489: No JTA platform available (set 'hibernate.transaction.jta.platform' to enable JTA platform integration)
2024-08-01T22:16:25.979+05:30  INFO 41201 --- [blog-app-apis] [           main] j.LocalContainerEntityManagerFactoryBean : Initialized JPA EntityManagerFactory for persistence unit 'default'
2024-08-01T22:16:26.204+05:30  INFO 41201 --- [blog-app-apis] [           main] r$InitializeUserDetailsManagerConfigurer : Global AuthenticationManager configured with UserDetailsService bean with name customUserDetailService
2024-08-01T22:16:26.249+05:30  INFO 41201 --- [blog-app-apis] [           main] o.s.d.j.r.query.QueryEnhancerFactory     : Hibernate is in classpath; If applicable, HQL parser will be used.
2024-08-01T22:16:26.537+05:30  WARN 41201 --- [blog-app-apis] [           main] JpaBaseConfiguration$JpaWebConfiguration : spring.jpa.open-in-view is enabled by default. Therefore, database queries may be performed during view rendering. Explicitly configure spring.jpa.open-in-view to disable this warning
2024-08-01T22:16:26.709+05:30 DEBUG 41201 --- [blog-app-apis] [           main] edFilterInvocationSecurityMetadataSource : Adding web access control expression [permitAll] for Deferred [Mvc [pattern='/api/v1/auth/**'], Ant [pattern='/api/v1/auth/**']]
2024-08-01T22:16:26.710+05:30 DEBUG 41201 --- [blog-app-apis] [           main] edFilterInvocationSecurityMetadataSource : Adding web access control expression [permitAll] for Deferred [Mvc [pattern='/v3/api-docs'], Ant [pattern='/v3/api-docs']]
2024-08-01T22:16:26.710+05:30 DEBUG 41201 --- [blog-app-apis] [           main] edFilterInvocationSecurityMetadataSource : Adding web access control expression [permitAll] for Deferred [Mvc [pattern='/swagger/resources/**'], Ant [pattern='/swagger/resources/**']]
2024-08-01T22:16:26.710+05:30 DEBUG 41201 --- [blog-app-apis] [           main] edFilterInvocationSecurityMetadataSource : Adding web access control expression [permitAll] for Deferred [Mvc [pattern='/swagger-ui/**'], Ant [pattern='/swagger-ui/**']]
2024-08-01T22:16:26.710+05:30 DEBUG 41201 --- [blog-app-apis] [           main] edFilterInvocationSecurityMetadataSource : Adding web access control expression [permitAll] for Deferred [Mvc [pattern='/webjars/**'], Ant [pattern='/webjars/**']]
2024-08-01T22:16:26.710+05:30 DEBUG 41201 --- [blog-app-apis] [           main] edFilterInvocationSecurityMetadataSource : Adding web access control expression [permitAll] for Deferred [Mvc [pattern='/**', GET], Ant [pattern='/**', GET]]
2024-08-01T22:16:26.710+05:30 DEBUG 41201 --- [blog-app-apis] [           main] edFilterInvocationSecurityMetadataSource : Adding web access control expression [authenticated] for any request
2024-08-01T22:16:26.714+05:30 DEBUG 41201 --- [blog-app-apis] [           main] o.s.s.web.DefaultSecurityFilterChain     : Will secure any request with filters: DisableEncodeUrlFilter, WebAsyncManagerIntegrationFilter, SecurityContextHolderFilter, HeaderWriterFilter, CorsFilter, LogoutFilter, JwtAuthenticationFilter, RequestCacheAwareFilter, SecurityContextHolderAwareRequestFilter, AnonymousAuthenticationFilter, SessionManagementFilter, ExceptionTranslationFilter, FilterSecurityInterceptor
2024-08-01T22:16:26.953+05:30  INFO 41201 --- [blog-app-apis] [           main] c.c.b.b.BlogAppApisApplicationTests      : Started BlogAppApisApplicationTests in 7.826 seconds (process running for 8.443)
$2a$10$/gSo5lNwwcQGzUFimQdnh.Rz02dt83OFXAPNsXq0DAq8e7y.ZYQJ6
Hibernate: select r1_0.id,r1_0.name from role r1_0 where r1_0.id=?
Hibernate: select r1_0.id,r1_0.name from role r1_0 where r1_0.id=?
ADMIN_USER
NORMAL_USER
jdk.proxy2.$Proxy137
jdk.proxy2
]]></system-out>
    <system-err><![CDATA[WARNING: A Java agent has been loaded dynamically (/Users/akanshasaraswat/.m2/repository/net/bytebuddy/byte-buddy-agent/1.14.17/byte-buddy-agent-1.14.17.jar)
WARNING: If a serviceability tool is in use, please run with -XX:+EnableDynamicAgentLoading to hide this warning
WARNING: If a serviceability tool is not in use, please run with -Djdk.instrument.traceUsage for more information
WARNING: Dynamic loading of agents will be disallowed by default in a future release
]]></system-err>
  </testcase>
  <testcase name="contextLoads" classname="com.codewithakansha.blog.blogappapis.BlogAppApisApplicationTests" time="0.003"/>
</testsuite>